<?xml version="1.0" encoding="UTF-8"?>
<!-- Generated by org.testng.reporters.JUnitXMLReporter -->
<testsuite ignored="0" hostname="WKWZT8oBWDXnSux" failures="0" tests="18" name="Test" time="93.133" errors="0" timestamp="2022-11-23T05:57:39 IST">
  <testcase classname="day1.MyFirstTestScript2" name="addValue" time="3.915"/>
  <testcase classname="day1.MyFirstTestScript3" name="admin" time="42.67"/>
  <testcase classname="day3.MyFirstTestNGTest" name="createAccount" time="0.006"/>
  <testcase classname="day3.DemoTestNG" name="createAccount" time="0.0"/>
  <testcase classname="day3.AssertionDemo" name="logOut" time="0.006"/>
  <testcase classname="day1.MyFirstTestScript" name="loginPage" time="2.478"/>
  <testcase classname="day1.Selenium_Edge" name="name" time="5.086"/>
  <testcase classname="day3.AssertionDemo" name="vefifyURL" time="3.019"/>
  <testcase classname="day3.LoginTest" name="verifLoginWithValidCredentials" time="4.299"/>
  <testcase classname="day3.LoginTest" name="verifyUrl" time="0.011"/>
  <testcase classname="day3.LoginTest" name="verifyWithWrongUsername" time="0.978"/>
  <testcase classname="day3.LoginTest" name="verifywithBalank" time="0.197"/>
  <testcase classname="day3.MyFirstTestNGTest" name="LogIn" time="0.0"/>
  <testcase classname="day3.DemoTestNG" name="LogIn" time="0.0"/>
  <testcase classname="day3.MyFirstTestNGTest" name="logoutFromApplication" time="0.0"/>
  <testcase classname="day3.DemoTestNG" name="logoutFromApplication" time="0.008"/>
  <testcase classname="day3.MyFirstTestNGTest" name="deleteAccount" time="0.0"/>
  <testcase classname="day3.DemoTestNG" name="deleteAccount" time="0.001"/>
</testsuite> <!-- Test -->
